warning ../../package.json: No license field
$ storybook build --output-dir /var/folders/d8/l9m9n7x16sz2_k7yz545sb880000gn/T/chromatic--33923-mqZNIkhn5Cdi
@storybook/cli v7.3.2

info => Cleaning outputDir: /var/folders/d8/l9m9n7x16sz2_k7yz545sb880000gn/T/chromatic--33923-mqZNIkhn5Cdi
info => Loading presets
WARN The "@storybook/addon-mdx-gfm" addon is meant as a migration assistant for Storybook 7.0; and will likely be removed in a future version.
WARN It's recommended you read this document:
WARN https://storybook.js.org/docs/react/writing-docs/mdx#lack-of-github-flavored-markdown-gfm
WARN 
WARN Once you've made the necessary changes, you can remove the addon from your package.json and storybook config.
info => Building manager..
info => Manager built (199 ms)
info => Copying static files: /Users/h-2914/git/taskbox/node_modules/@storybook/manager/static at /var/folders/d8/l9m9n7x16sz2_k7yz545sb880000gn/T/chromatic--33923-mqZNIkhn5Cdi/sb-common-assets
info => Copying static files: /Users/h-2914/git/taskbox/public at /var/folders/d8/l9m9n7x16sz2_k7yz545sb880000gn/T/chromatic--33923-mqZNIkhn5Cdi/
vite v4.2.2 building for production...

./sb-common-assets/fonts.css doesn't exist at build time, it will remain unchanged to be resolved at runtime
transforming...
Use of eval in "node_modules/telejson/dist/index.mjs" is strongly discouraged as it poses security risks and may cause issues with minification.
Use of eval in "node_modules/telejson/dist/index.mjs" is strongly discouraged as it poses security risks and may cause issues with minification.
✓ 979 modules transformed.
rendering chunks...
warnings when minifying css:
▲ [WARNING] CSS nesting syntax is not supported in the configured target environment ("chrome87", "edge88", "es2020", "firefox78", "safari14") [unsupported-css-nesting]

    <stdin>:36:2:
      36 │   *vertical-align: middle;
         ╵   ^


▲ [WARNING] Expected identifier but found whitespace [css-syntax-error]

    <stdin>:36:18:
      36 │   *vertical-align: middle;
         ╵                   ^


▲ [WARNING] Unexpected ";" [css-syntax-error]

    <stdin>:36:25:
      36 │   *vertical-align: middle;
         ╵                          ^


computing gzip size...
../../../../var/folders/d8/l9m9n7x16sz2_k7yz545sb880000gn/T/chromatic--33923-mqZNIkhn5Cdi/iframe.html                                          12.54 kB
../../../../var/folders/d8/l9m9n7x16sz2_k7yz545sb880000gn/T/chromatic--33923-mqZNIkhn5Cdi/assets/percolate-dac75269.ttf                        34.04 kB
../../../../var/folders/d8/l9m9n7x16sz2_k7yz545sb880000gn/T/chromatic--33923-mqZNIkhn5Cdi/assets/percolate-ec979d96.woff                       34.11 kB
../../../../var/folders/d8/l9m9n7x16sz2_k7yz545sb880000gn/T/chromatic--33923-mqZNIkhn5Cdi/assets/percolate-5ed633c2.eot                        34.21 kB
../../../../var/folders/d8/l9m9n7x16sz2_k7yz545sb880000gn/T/chromatic--33923-mqZNIkhn5Cdi/assets/percolate-d13fa91b.svg                       140.51 kB
../../../../var/folders/d8/l9m9n7x16sz2_k7yz545sb880000gn/T/chromatic--33923-mqZNIkhn5Cdi/assets/preview-7623e708.css                           6.91 kB │ gzip:   2.07 kB
../../../../var/folders/d8/l9m9n7x16sz2_k7yz545sb880000gn/T/chromatic--33923-mqZNIkhn5Cdi/assets/index-d475d2ea.js                              0.21 kB │ gzip:   0.17 kB │ map:     0.82 kB
../../../../var/folders/d8/l9m9n7x16sz2_k7yz545sb880000gn/T/chromatic--33923-mqZNIkhn5Cdi/assets/_commonjs-dynamic-modules-302442b1.js          0.30 kB │ gzip:   0.24 kB │ map:     0.12 kB
../../../../var/folders/d8/l9m9n7x16sz2_k7yz545sb880000gn/T/chromatic--33923-mqZNIkhn5Cdi/assets/chunk-MSDTXLE7-245785a4.js                     0.33 kB │ gzip:   0.28 kB │ map:     1.26 kB
../../../../var/folders/d8/l9m9n7x16sz2_k7yz545sb880000gn/T/chromatic--33923-mqZNIkhn5Cdi/assets/WithTooltip-YBG737T3-76629d9a.js               0.51 kB │ gzip:   0.30 kB │ map:     0.11 kB
../../../../var/folders/d8/l9m9n7x16sz2_k7yz545sb880000gn/T/chromatic--33923-mqZNIkhn5Cdi/assets/syntaxhighlighter-4OVWVELQ-55caa5a9.js         0.54 kB │ gzip:   0.33 kB │ map:     0.12 kB
../../../../var/folders/d8/l9m9n7x16sz2_k7yz545sb880000gn/T/chromatic--33923-mqZNIkhn5Cdi/assets/preview-ea13321f.js                            0.58 kB │ gzip:   0.36 kB │ map:     0.53 kB
../../../../var/folders/d8/l9m9n7x16sz2_k7yz545sb880000gn/T/chromatic--33923-mqZNIkhn5Cdi/assets/index-7215966a.js                              0.62 kB │ gzip:   0.38 kB │ map:     4.27 kB
../../../../var/folders/d8/l9m9n7x16sz2_k7yz545sb880000gn/T/chromatic--33923-mqZNIkhn5Cdi/assets/preview-5ef354f3.js                            0.69 kB │ gzip:   0.49 kB │ map:     3.85 kB
../../../../var/folders/d8/l9m9n7x16sz2_k7yz545sb880000gn/T/chromatic--33923-mqZNIkhn5Cdi/assets/_commonjsHelpers-042e6b4d.js                   0.78 kB │ gzip:   0.44 kB │ map:     0.11 kB
../../../../var/folders/d8/l9m9n7x16sz2_k7yz545sb880000gn/T/chromatic--33923-mqZNIkhn5Cdi/assets/index-4d501b15.js                              0.80 kB │ gzip:   0.52 kB │ map:     4.06 kB
../../../../var/folders/d8/l9m9n7x16sz2_k7yz545sb880000gn/T/chromatic--33923-mqZNIkhn5Cdi/assets/index-356e4a49.js                              0.81 kB │ gzip:   0.51 kB │ map:     3.25 kB
../../../../var/folders/d8/l9m9n7x16sz2_k7yz545sb880000gn/T/chromatic--33923-mqZNIkhn5Cdi/assets/preview-b79ea209.js                            0.90 kB │ gzip:   0.60 kB │ map:     2.88 kB
../../../../var/folders/d8/l9m9n7x16sz2_k7yz545sb880000gn/T/chromatic--33923-mqZNIkhn5Cdi/assets/preview-9ff8f0f5.js                            1.06 kB │ gzip:   0.69 kB │ map:     3.10 kB
../../../../var/folders/d8/l9m9n7x16sz2_k7yz545sb880000gn/T/chromatic--33923-mqZNIkhn5Cdi/assets/preview-a60aa466.js                            2.40 kB │ gzip:   1.25 kB │ map:    11.06 kB
../../../../var/folders/d8/l9m9n7x16sz2_k7yz545sb880000gn/T/chromatic--33923-mqZNIkhn5Cdi/assets/index-d37d4223.js                              2.63 kB │ gzip:   1.30 kB │ map:     7.45 kB
../../../../var/folders/d8/l9m9n7x16sz2_k7yz545sb880000gn/T/chromatic--33923-mqZNIkhn5Cdi/assets/Git-DZ2D5ZUL-8d13ed7a.js                       3.06 kB │ gzip:   1.00 kB │ map:     7.19 kB
../../../../var/folders/d8/l9m9n7x16sz2_k7yz545sb880000gn/T/chromatic--33923-mqZNIkhn5Cdi/assets/Task.stories-5499a65a.js                       3.13 kB │ gzip:   1.47 kB │ map:     4.96 kB
../../../../var/folders/d8/l9m9n7x16sz2_k7yz545sb880000gn/T/chromatic--33923-mqZNIkhn5Cdi/assets/preview-770cc08b.js                            3.22 kB │ gzip:   1.39 kB │ map:    10.01 kB
../../../../var/folders/d8/l9m9n7x16sz2_k7yz545sb880000gn/T/chromatic--33923-mqZNIkhn5Cdi/assets/Editing-7QFB6ZMG-e0bdc69c.js                   4.02 kB │ gzip:   1.12 kB │ map:    10.09 kB
../../../../var/folders/d8/l9m9n7x16sz2_k7yz545sb880000gn/T/chromatic--33923-mqZNIkhn5Cdi/assets/iframe-958fae56.js                             4.29 kB │ gzip:   1.60 kB │ map:     4.91 kB
../../../../var/folders/d8/l9m9n7x16sz2_k7yz545sb880000gn/T/chromatic--33923-mqZNIkhn5Cdi/assets/OS-YZ2Y4VYS-edb4daca.js                        5.57 kB │ gzip:   2.20 kB │ map:     9.91 kB
../../../../var/folders/d8/l9m9n7x16sz2_k7yz545sb880000gn/T/chromatic--33923-mqZNIkhn5Cdi/assets/index-d8ade8ea.js                              7.25 kB │ gzip:   2.96 kB │ map:    15.66 kB
../../../../var/folders/d8/l9m9n7x16sz2_k7yz545sb880000gn/T/chromatic--33923-mqZNIkhn5Cdi/assets/People-OD4EV7WZ-a5d2cce8.js                    7.64 kB │ gzip:   2.20 kB │ map:    16.28 kB
../../../../var/folders/d8/l9m9n7x16sz2_k7yz545sb880000gn/T/chromatic--33923-mqZNIkhn5Cdi/assets/preview-d8c963a4.js                            7.67 kB │ gzip:   1.60 kB │ map:    13.67 kB
../../../../var/folders/d8/l9m9n7x16sz2_k7yz545sb880000gn/T/chromatic--33923-mqZNIkhn5Cdi/assets/Documents-SGWAY3KW-7ce334b8.js                 8.11 kB │ gzip:   1.61 kB │ map:    20.04 kB
../../../../var/folders/d8/l9m9n7x16sz2_k7yz545sb880000gn/T/chromatic--33923-mqZNIkhn5Cdi/assets/preview-25cb0eda.js                            8.33 kB │ gzip:   3.21 kB │ map:    29.31 kB
../../../../var/folders/d8/l9m9n7x16sz2_k7yz545sb880000gn/T/chromatic--33923-mqZNIkhn5Cdi/assets/Devices-SUYACUPO-e07e5bee.js                  11.12 kB │ gzip:   2.43 kB │ map:    24.77 kB
../../../../var/folders/d8/l9m9n7x16sz2_k7yz545sb880000gn/T/chromatic--33923-mqZNIkhn5Cdi/assets/GlobalScrollAreaStyles-4LLX2B3H-a5ac71c5.js   15.12 kB │ gzip:   2.85 kB │ map:    21.41 kB
../../../../var/folders/d8/l9m9n7x16sz2_k7yz545sb880000gn/T/chromatic--33923-mqZNIkhn5Cdi/assets/Logos-SJTNNI74-91764bb3.js                    15.65 kB │ gzip:   5.34 kB │ map:    29.99 kB
../../../../var/folders/d8/l9m9n7x16sz2_k7yz545sb880000gn/T/chromatic--33923-mqZNIkhn5Cdi/assets/Wayfinding-BB4H7CHP-04b8e2e5.js               19.02 kB │ gzip:   3.75 kB │ map:    47.54 kB
../../../../var/folders/d8/l9m9n7x16sz2_k7yz545sb880000gn/T/chromatic--33923-mqZNIkhn5Cdi/assets/Images-S2WTXNGG-b635c2cc.js                   20.72 kB │ gzip:   4.41 kB │ map:    49.03 kB
../../../../var/folders/d8/l9m9n7x16sz2_k7yz545sb880000gn/T/chromatic--33923-mqZNIkhn5Cdi/assets/preview-77efdf24.js                           21.08 kB │ gzip:   6.99 kB │ map:    68.13 kB
../../../../var/folders/d8/l9m9n7x16sz2_k7yz545sb880000gn/T/chromatic--33923-mqZNIkhn5Cdi/assets/Communicate-7JXCND2Z-bf04fba1.js              25.15 kB │ gzip:   6.58 kB │ map:    52.57 kB
../../../../var/folders/d8/l9m9n7x16sz2_k7yz545sb880000gn/T/chromatic--33923-mqZNIkhn5Cdi/assets/CRUD-I5EZL2FS-d7b70cb5.js                     26.35 kB │ gzip:   5.92 kB │ map:    59.44 kB
../../../../var/folders/d8/l9m9n7x16sz2_k7yz545sb880000gn/T/chromatic--33923-mqZNIkhn5Cdi/assets/OverlayScrollbars-OL4C4TVX-41f17019.js        28.95 kB │ gzip:  14.20 kB │ map:   107.65 kB
../../../../var/folders/d8/l9m9n7x16sz2_k7yz545sb880000gn/T/chromatic--33923-mqZNIkhn5Cdi/assets/Color-6VNJS4EI-d3430123.js                    31.08 kB │ gzip:  11.67 kB │ map:   112.29 kB
../../../../var/folders/d8/l9m9n7x16sz2_k7yz545sb880000gn/T/chromatic--33923-mqZNIkhn5Cdi/assets/TaskList.stories-029c5652.js                  39.80 kB │ gzip:  13.77 kB │ map:   237.21 kB
../../../../var/folders/d8/l9m9n7x16sz2_k7yz545sb880000gn/T/chromatic--33923-mqZNIkhn5Cdi/assets/_getPrototype-88d09943.js                     78.82 kB │ gzip:  23.66 kB │ map:   324.23 kB
../../../../var/folders/d8/l9m9n7x16sz2_k7yz545sb880000gn/T/chromatic--33923-mqZNIkhn5Cdi/assets/index-6cf4ba34.js                            134.19 kB │ gzip:  43.27 kB │ map:   326.66 kB
../../../../var/folders/d8/l9m9n7x16sz2_k7yz545sb880000gn/T/chromatic--33923-mqZNIkhn5Cdi/assets/config-4312dbb6.js                           213.37 kB │ gzip:  66.30 kB │ map:   800.77 kB
../../../../var/folders/d8/l9m9n7x16sz2_k7yz545sb880000gn/T/chromatic--33923-mqZNIkhn5Cdi/assets/preview-c402b7f6.js                          343.12 kB │ gzip: 102.12 kB │ map: 1,444.28 kB
../../../../var/folders/d8/l9m9n7x16sz2_k7yz545sb880000gn/T/chromatic--33923-mqZNIkhn5Cdi/assets/axe-41d76881.js                              535.59 kB │ gzip: 146.90 kB │ map: 1,918.40 kB
../../../../var/folders/d8/l9m9n7x16sz2_k7yz545sb880000gn/T/chromatic--33923-mqZNIkhn5Cdi/assets/formatter-6736J7QO-ee417204.js               601.71 kB │ gzip: 185.07 kB │ map: 1,314.24 kB
../../../../var/folders/d8/l9m9n7x16sz2_k7yz545sb880000gn/T/chromatic--33923-mqZNIkhn5Cdi/assets/DocsRenderer-3PUGWF3O-c5a23b41.js            657.98 kB │ gzip: 201.66 kB │ map: 2,038.20 kB

(!) Some chunks are larger than 500 kBs after minification. Consider:
- Using dynamic import() to code-split the application
- Use build.rollupOptions.output.manualChunks to improve chunking: https://rollupjs.org/configuration-options/#output-manualchunks
- Adjust chunk size limit for this warning via build.chunkSizeWarningLimit.
✓ built in 12.32s
info => Output directory: /var/folders/d8/l9m9n7x16sz2_k7yz545sb880000gn/T/chromatic--33923-mqZNIkhn5Cdi
